<?xml version="1.0" encoding="UTF-8"?>
<!-- Generated by org.testng.reporters.JUnitReportReporter -->
<testsuite hostname="IN2070121W2" failures="0" tests="3" name="com.w2a.rough.HashTableTest" time="0.013" errors="0" timestamp="19 Oct 2018 12:18:34 GMT" skipped="0">
  <testcase classname="com.w2a.rough.HashTableTest" name="testFun" time="0.001"/>
  <testcase classname="com.w2a.rough.HashTableTest" name="testFun" time="0.012"/>
  <testcase classname="com.w2a.rough.HashTableTest" name="testFun" time="0.000"/>
</testsuite> <!-- com.w2a.rough.HashTableTest -->
